2024-07-02 17:01:21 [info]: Connected to database
2024-07-02 17:01:21 [info]: Deleted all library branches!
2024-07-02 17:01:21 [info]: Inserted new library branches!
2024-07-02 17:01:21 [info]: Deleted all books!
2024-07-02 17:01:21 [info]: Inserted new books!
2024-07-02 17:01:21 [info]: Deleted all admins!
2024-07-02 17:01:21 [info]: Inserted new admins!
2024-07-02 17:01:21 [info]: Deleted all users!
2024-07-02 17:01:21 [info]: Inserted new users!
2024-07-02 17:01:21 [info]: Deleted all book gallery entries!
2024-07-02 17:01:21 [info]: Inserted new book gallery entries!
2024-07-02 17:01:21 [info]: Deleted all ratings!
2024-07-02 17:01:21 [info]: Inserted new ratings!
2024-07-02 17:01:21 [info]: Deleted all reviews!
2024-07-02 17:01:21 [info]: Inserted new reviews!
2024-07-02 17:01:21 [info]: Deleted previous book history!
2024-07-02 17:01:21 [info]: Deleted previous payment cards!
2024-07-02 17:01:31 [info]: Application Running
2024-07-02 17:01:31 [info]: Server started on port 2700
2024-07-02 17:01:38 [info]: Email sent successfully.
2024-07-02 17:03:39 [error]: No payment cards found
2024-07-02 17:04:18 [error]: No payment cards found
2024-07-02 17:05:12 [error]: No payment cards found
2024-07-02 17:05:19 [error]: No payment cards found
2024-07-02 17:05:59 [error]: The `payment_method` parameter supplied pm_1PY4wMI98oGzZ2rhGSiT7PGp belongs to the Customer cus_QOshgM2Qi8rrUx. Please include the Customer in the `customer` parameter on the PaymentIntent.
2024-07-02 17:06:54 [info]: Application Running
2024-07-02 17:06:54 [info]: Server started on port 2700
2024-07-02 17:09:18 [info]: Email sent successfully.
2024-07-02 17:12:10 [error]: No payment cards found
2024-07-02 17:27:38 [info]: Application Running
2024-07-02 17:27:38 [info]: Server started on port 2700
2024-07-02 17:27:49 [info]: Email sent successfully.
2024-07-02 17:27:53 [error]: User not found
2024-07-02 17:28:30 [info]: Application Running
2024-07-02 17:28:30 [info]: Server started on port 2700
2024-07-02 17:28:41 [info]: Email sent successfully.
2024-07-02 17:28:54 [error]: User not found
2024-07-02 17:29:15 [info]: Application Running
2024-07-02 17:29:15 [info]: Server started on port 2700
2024-07-02 17:29:33 [info]: Application Running
2024-07-02 17:29:33 [info]: Server started on port 2700
2024-07-02 17:29:39 [info]: Email sent successfully.
2024-07-02 17:30:43 [info]: Application Running
2024-07-02 17:30:43 [info]: Server started on port 2700
2024-07-02 17:33:05 [info]: Application Running
2024-07-02 17:33:05 [info]: Server started on port 2700
2024-07-02 17:34:09 [info]: Application Running
2024-07-02 17:34:09 [info]: Server started on port 2700
2024-07-02 17:39:57 [info]: Application Running
2024-07-02 17:39:57 [info]: Server started on port 2700
2024-07-02 17:56:54 [info]: Application Running
2024-07-02 17:56:54 [info]: Server started on port 2700
2024-07-02 18:01:40 [info]: Application Running
2024-07-02 18:01:40 [info]: Server started on port 2700
2024-07-02 18:01:53 [info]: Application Running
2024-07-02 18:01:53 [info]: Server started on port 2700
2024-07-02 18:03:23 [info]: Application Running
2024-07-02 18:03:23 [info]: Server started on port 2700
2024-07-02 18:04:12 [info]: Application Running
2024-07-02 18:04:12 [info]: Server started on port 2700
2024-07-02 18:04:20 [info]: Application Running
2024-07-02 18:04:20 [info]: Server started on port 2700
2024-07-02 18:04:25 [info]: Application Running
2024-07-02 18:04:25 [info]: Server started on port 2700
2024-07-02 18:06:51 [info]: Application Running
2024-07-02 18:06:51 [info]: Server started on port 2700
2024-07-02 18:07:32 [info]: Application Running
2024-07-02 18:07:32 [info]: Server started on port 2700
2024-07-02 18:07:39 [info]: Application Running
2024-07-02 18:07:39 [info]: Server started on port 2700
2024-07-02 18:07:56 [info]: Application Running
2024-07-02 18:07:56 [info]: Server started on port 2700
2024-07-02 18:08:09 [info]: Application Running
2024-07-02 18:08:09 [info]: Server started on port 2700
2024-07-02 18:08:51 [info]: Application Running
2024-07-02 18:08:51 [info]: Server started on port 2700
2024-07-02 18:09:18 [info]: Application Running
2024-07-02 18:09:18 [info]: Server started on port 2700
2024-07-02 18:09:19 [info]: Application Running
2024-07-02 18:09:37 [info]: Application Running
2024-07-02 18:09:58 [info]: Application Running
2024-07-02 18:12:15 [info]: Application Running
2024-07-02 18:12:28 [info]: Application Running
2024-07-02 18:12:50 [info]: Application Running
2024-07-02 18:13:35 [info]: Application Running
2024-07-02 18:13:35 [info]: Server started on port 2700
