2024-07-03 09:47:43 [info]: Application Running
2024-07-03 09:47:43 [info]: Server started on port 2700
2024-07-03 09:47:52 [error]: Admin not found 
2024-07-03 09:48:04 [info]: Connected to database
2024-07-03 09:48:04 [info]: Deleted all library branches!
2024-07-03 09:48:04 [info]: Inserted new library branches!
2024-07-03 09:48:04 [info]: Deleted all books!
2024-07-03 09:48:04 [info]: Inserted new books!
2024-07-03 09:48:04 [info]: Deleted all admins!
2024-07-03 09:48:04 [info]: Inserted new admins!
2024-07-03 09:48:04 [info]: Deleted all users!
2024-07-03 09:48:04 [info]: Inserted new users!
2024-07-03 09:48:04 [info]: Deleted all book gallery entries!
2024-07-03 09:48:04 [info]: Inserted new book gallery entries!
2024-07-03 09:48:04 [info]: Deleted all ratings!
2024-07-03 09:48:04 [info]: Inserted new ratings!
2024-07-03 09:48:04 [info]: Deleted all reviews!
2024-07-03 09:48:04 [info]: Inserted new reviews!
2024-07-03 09:48:04 [info]: Deleted previous book history!
2024-07-03 09:48:04 [info]: Deleted previous payment cards!
2024-07-03 09:48:18 [info]: Application Running
2024-07-03 09:48:18 [info]: Server started on port 2700
2024-07-03 10:12:57 [info]: Application Running
2024-07-03 10:12:57 [info]: Server started on port 2700
2024-07-03 10:13:11 [info]: Application Running
2024-07-03 10:13:11 [info]: Server started on port 2700
2024-07-03 10:13:23 [info]: Application Running
2024-07-03 10:13:23 [info]: Server started on port 2700
2024-07-03 10:13:29 [info]: Application Running
2024-07-03 10:13:29 [info]: Server started on port 2700
2024-07-03 10:17:34 [info]: Connected to database
2024-07-03 10:17:34 [info]: Deleted all library branches!
2024-07-03 10:17:34 [info]: Inserted new library branches!
2024-07-03 10:17:34 [info]: Deleted all books!
2024-07-03 10:17:35 [info]: Inserted new books!
2024-07-03 10:17:35 [info]: Deleted all admins!
2024-07-03 10:17:35 [info]: Inserted new admins!
2024-07-03 10:17:35 [info]: Deleted all users!
2024-07-03 10:17:35 [info]: Inserted new users!
2024-07-03 10:17:35 [info]: Deleted all book gallery entries!
2024-07-03 10:17:35 [info]: Inserted new book gallery entries!
2024-07-03 10:17:35 [info]: Deleted all ratings!
2024-07-03 10:17:35 [info]: Inserted new ratings!
2024-07-03 10:17:35 [info]: Deleted all reviews!
2024-07-03 10:17:35 [info]: Inserted new reviews!
2024-07-03 10:17:35 [info]: Deleted previous book history!
2024-07-03 10:17:35 [info]: Deleted previous payment cards!
2024-07-03 10:18:40 [info]: Application Running
2024-07-03 10:18:40 [info]: Server started on port 2700
2024-07-03 10:21:23 [info]: Application Running
2024-07-03 10:21:23 [info]: Server started on port 2700
2024-07-03 10:21:29 [info]: Application Running
2024-07-03 10:21:29 [info]: Server started on port 2700
2024-07-03 10:22:12 [info]: Application Running
2024-07-03 10:22:12 [info]: Server started on port 2700
2024-07-03 10:23:15 [info]: Application Running
2024-07-03 10:23:15 [info]: Server started on port 2700
2024-07-03 10:23:29 [error]: Sheet not found
2024-07-03 10:24:01 [info]: Application Running
2024-07-03 10:24:01 [info]: Server started on port 2700
2024-07-03 10:24:07 [error]: Sheet not found
2024-07-03 10:34:00 [info]: Application Running
2024-07-03 10:34:00 [info]: Server started on port 2700
2024-07-03 10:37:16 [info]: Application Running
2024-07-03 10:37:16 [info]: Server started on port 2700
2024-07-03 10:37:37 [info]: Application Running
2024-07-03 10:37:37 [info]: Server started on port 2700
2024-07-03 10:40:06 [info]: Application Running
2024-07-03 10:40:07 [info]: Server started on port 2700
2024-07-03 10:40:57 [info]: Application Running
2024-07-03 10:40:57 [info]: Server started on port 2700
2024-07-03 10:41:22 [info]: Application Running
2024-07-03 10:41:22 [info]: Server started on port 2700
2024-07-03 10:41:48 [info]: Application Running
2024-07-03 10:41:48 [info]: Server started on port 2700
2024-07-03 10:43:06 [info]: Application Running
2024-07-03 10:43:06 [info]: Server started on port 2700
2024-07-03 10:43:26 [info]: Application Running
2024-07-03 10:43:26 [info]: Server started on port 2700
2024-07-03 10:46:00 [info]: Application Running
2024-07-03 10:46:00 [info]: Server started on port 2700
2024-07-03 10:46:33 [info]: Application Running
2024-07-03 10:46:33 [info]: Server started on port 2700
2024-07-03 10:47:12 [info]: Application Running
2024-07-03 10:47:12 [info]: Server started on port 2700
2024-07-03 10:47:28 [info]: Application Running
2024-07-03 10:47:28 [info]: Server started on port 2700
2024-07-03 10:48:07 [info]: Application Running
2024-07-03 10:48:07 [info]: Server started on port 2700
2024-07-03 10:49:02 [info]: Application Running
2024-07-03 10:49:02 [info]: Server started on port 2700
2024-07-03 10:49:04 [error]: ACCESS_TOKEN_EXPIRED
2024-07-03 10:49:38 [info]: Application Running
2024-07-03 10:49:38 [info]: Server started on port 2700
2024-07-03 10:50:15 [info]: Application Running
2024-07-03 10:50:15 [info]: Server started on port 2700
2024-07-03 10:50:21 [info]: Application Running
2024-07-03 10:50:21 [info]: Server started on port 2700
2024-07-03 10:51:19 [info]: Application Running
2024-07-03 10:51:19 [info]: Server started on port 2700
2024-07-03 10:51:29 [error]: Sheet not found
2024-07-03 10:52:02 [info]: Application Running
2024-07-03 10:52:02 [info]: Server started on port 2700
2024-07-03 10:52:07 [error]: Sheet not found
2024-07-03 10:52:32 [info]: Application Running
2024-07-03 10:52:32 [info]: Server started on port 2700
2024-07-03 10:52:37 [error]: Sheet not found
2024-07-03 10:53:00 [info]: Application Running
2024-07-03 10:53:00 [info]: Server started on port 2700
2024-07-03 10:53:06 [error]: Sheet not found
2024-07-03 10:53:42 [info]: Application Running
2024-07-03 10:53:42 [info]: Server started on port 2700
2024-07-03 10:54:02 [error]: Sheet not found
2024-07-03 10:55:51 [info]: Application Running
2024-07-03 10:55:57 [info]: Application Running
2024-07-03 10:55:57 [info]: Server started on port 2700
2024-07-03 10:56:02 [error]: Sheet not found
2024-07-03 10:56:34 [info]: Application Running
2024-07-03 10:56:34 [info]: Server started on port 2700
2024-07-03 10:56:41 [error]: Sheet not found
2024-07-03 10:57:22 [info]: Application Running
2024-07-03 10:57:22 [info]: Server started on port 2700
2024-07-03 10:57:28 [error]: Sheet not found
2024-07-03 10:57:51 [info]: Application Running
2024-07-03 10:57:51 [info]: Server started on port 2700
2024-07-03 10:58:54 [info]: Application Running
2024-07-03 10:58:54 [info]: Server started on port 2700
2024-07-03 10:59:13 [info]: Application Running
2024-07-03 10:59:13 [info]: Server started on port 2700
2024-07-03 10:59:21 [info]: Application Running
2024-07-03 10:59:21 [info]: Server started on port 2700
2024-07-03 10:59:31 [error]: Sheet not found
2024-07-03 10:59:50 [info]: Application Running
2024-07-03 10:59:50 [info]: Server started on port 2700
2024-07-03 11:00:18 [error]: Sheet not found
2024-07-03 11:00:38 [info]: Application Running
2024-07-03 11:00:38 [info]: Server started on port 2700
2024-07-03 11:00:43 [error]: Sheet not found
2024-07-03 11:01:48 [info]: Application Running
2024-07-03 11:01:48 [info]: Server started on port 2700
2024-07-03 11:01:57 [info]: Application Running
2024-07-03 11:01:57 [info]: Server started on port 2700
2024-07-03 11:02:08 [info]: Application Running
2024-07-03 11:02:08 [info]: Server started on port 2700
2024-07-03 11:02:13 [error]: Sheet not found
2024-07-03 11:02:35 [info]: Application Running
2024-07-03 11:02:35 [info]: Server started on port 2700
2024-07-03 11:02:36 [info]: Application Running
2024-07-03 11:02:52 [info]: Application Running
2024-07-03 11:03:04 [info]: Application Running
2024-07-03 11:03:04 [info]: Server started on port 2700
2024-07-03 11:03:12 [error]: Sheet not found
2024-07-03 11:03:46 [info]: Application Running
2024-07-03 11:03:46 [info]: Server started on port 2700
2024-07-03 11:04:12 [error]: Sheet not found
2024-07-03 11:05:04 [info]: Application Running
2024-07-03 11:05:04 [info]: Server started on port 2700
2024-07-03 11:05:14 [info]: Application Running
2024-07-03 11:05:14 [info]: Server started on port 2700
2024-07-03 11:05:20 [error]: Sheet not found
2024-07-03 11:05:53 [info]: Application Running
2024-07-03 11:05:53 [info]: Server started on port 2700
2024-07-03 11:05:58 [error]: Sheet not found
2024-07-03 11:06:45 [info]: Application Running
2024-07-03 11:06:45 [info]: Server started on port 2700
2024-07-03 11:07:06 [info]: Application Running
2024-07-03 11:07:06 [info]: Server started on port 2700
2024-07-03 11:07:15 [error]: Sheet not found
2024-07-03 11:07:21 [error]: Sheet not found
2024-07-03 11:08:38 [info]: Application Running
2024-07-03 11:08:38 [info]: Server started on port 2700
2024-07-03 11:08:43 [error]: Sheet not found
2024-07-03 11:09:44 [info]: Application Running
2024-07-03 11:09:44 [info]: Server started on port 2700
2024-07-03 11:09:51 [info]: Application Running
2024-07-03 11:09:51 [info]: Server started on port 2700
2024-07-03 11:10:07 [info]: Application Running
2024-07-03 11:10:07 [info]: Server started on port 2700
2024-07-03 11:10:16 [info]: Application Running
2024-07-03 11:10:16 [info]: Server started on port 2700
2024-07-03 11:10:23 [info]: Application Running
2024-07-03 11:10:23 [info]: Server started on port 2700
2024-07-03 11:10:50 [info]: Application Running
2024-07-03 11:10:50 [info]: Server started on port 2700
2024-07-03 11:10:55 [error]: Sheet not found
2024-07-03 11:11:46 [info]: Application Running
2024-07-03 11:11:46 [info]: Server started on port 2700
2024-07-03 11:11:58 [info]: Application Running
2024-07-03 11:11:58 [info]: Server started on port 2700
2024-07-03 11:12:08 [info]: Application Running
2024-07-03 11:12:08 [info]: Server started on port 2700
2024-07-03 11:12:51 [info]: Application Running
2024-07-03 11:12:51 [info]: Server started on port 2700
2024-07-03 11:13:20 [info]: Application Running
2024-07-03 11:13:20 [info]: Server started on port 2700
2024-07-03 11:13:35 [info]: Application Running
2024-07-03 11:13:35 [info]: Server started on port 2700
2024-07-03 11:14:17 [info]: Application Running
2024-07-03 11:14:17 [info]: Server started on port 2700
2024-07-03 11:14:33 [info]: Application Running
2024-07-03 11:14:33 [info]: Server started on port 2700
2024-07-03 11:40:14 [info]: Application Running
2024-07-03 11:40:14 [info]: Server started on port 2700
2024-07-03 11:40:21 [info]: Application Running
2024-07-03 11:40:21 [info]: Server started on port 2700
2024-07-03 11:40:44 [info]: Application Running
2024-07-03 11:40:44 [info]: Server started on port 2700
2024-07-03 11:41:10 [info]: Application Running
2024-07-03 11:41:10 [info]: Server started on port 2700
2024-07-03 11:41:16 [info]: Application Running
2024-07-03 11:41:17 [info]: Server started on port 2700
2024-07-03 11:43:02 [info]: Application Running
2024-07-03 11:43:02 [info]: Server started on port 2700
2024-07-03 11:43:14 [info]: Application Running
2024-07-03 11:43:14 [info]: Server started on port 2700
2024-07-03 11:44:21 [info]: Application Running
2024-07-03 11:44:21 [info]: Server started on port 2700
2024-07-03 11:45:09 [info]: Application Running
2024-07-03 11:45:09 [info]: Server started on port 2700
2024-07-03 11:45:25 [info]: Application Running
2024-07-03 11:45:25 [info]: Server started on port 2700
2024-07-03 11:46:48 [info]: Application Running
2024-07-03 11:46:48 [info]: Server started on port 2700
2024-07-03 11:47:01 [info]: Application Running
2024-07-03 11:47:01 [info]: Server started on port 2700
2024-07-03 12:08:19 [info]: Application Running
2024-07-03 12:08:19 [info]: Server started on port 2700
2024-07-03 12:10:17 [info]: Application Running
2024-07-03 12:10:17 [info]: Server started on port 2700
2024-07-03 12:10:43 [info]: Email sent successfully.
2024-07-03 12:12:30 [error]: No payment cards found
2024-07-03 12:12:43 [error]: No payment cards found
2024-07-03 12:12:48 [error]: No payment cards found
2024-07-03 12:12:58 [error]: No payment cards found
2024-07-03 12:16:19 [info]: Connected to database
2024-07-03 12:16:19 [info]: Deleted all library branches!
2024-07-03 12:16:19 [info]: Inserted new library branches!
2024-07-03 12:16:19 [info]: Deleted all books!
2024-07-03 12:16:19 [info]: Inserted new books!
2024-07-03 12:16:19 [info]: Deleted all admins!
2024-07-03 12:16:19 [info]: Inserted new admins!
2024-07-03 12:16:19 [info]: Deleted all users!
2024-07-03 12:16:19 [info]: Inserted new users!
2024-07-03 12:16:19 [info]: Deleted all book gallery entries!
2024-07-03 12:16:19 [info]: Inserted new book gallery entries!
2024-07-03 12:16:19 [info]: Deleted all ratings!
2024-07-03 12:16:19 [info]: Inserted new ratings!
2024-07-03 12:16:19 [info]: Deleted all reviews!
2024-07-03 12:16:19 [info]: Inserted new reviews!
2024-07-03 12:16:19 [info]: Deleted previous book history!
2024-07-03 12:16:19 [info]: Deleted previous payment cards!
2024-07-03 12:16:32 [info]: Application Running
2024-07-03 12:16:32 [info]: Server started on port 2700
2024-07-03 12:16:41 [info]: Email sent successfully.
2024-07-03 12:17:44 [error]: No payment cards found
2024-07-03 12:18:01 [error]: No payment cards found
2024-07-03 12:18:22 [error]: No payment cards found
2024-07-03 12:18:35 [error]: No payment cards found
2024-07-03 12:18:46 [error]: No payment cards found
2024-07-03 12:19:06 [error]: No payment cards found
2024-07-03 12:19:38 [info]: Application Running
2024-07-03 12:19:38 [info]: Server started on port 2700
2024-07-03 12:19:51 [info]: Application Running
2024-07-03 12:19:51 [info]: Server started on port 2700
2024-07-03 12:19:56 [error]: No payment cards found
2024-07-03 12:20:36 [info]: Application Running
2024-07-03 12:20:36 [info]: Server started on port 2700
2024-07-03 12:20:38 [error]: No payment cards found
2024-07-03 12:20:54 [info]: Application Running
2024-07-03 12:20:54 [info]: Server started on port 2700
2024-07-03 12:20:56 [error]: No payment cards found
2024-07-03 12:21:54 [info]: Application Running
2024-07-03 12:21:54 [info]: Server started on port 2700
2024-07-03 12:22:39 [info]: Connected to database
2024-07-03 12:22:39 [info]: Deleted all library branches!
2024-07-03 12:22:39 [info]: Inserted new library branches!
2024-07-03 12:22:39 [info]: Deleted all books!
2024-07-03 12:22:39 [info]: Inserted new books!
2024-07-03 12:22:39 [info]: Deleted all admins!
2024-07-03 12:22:39 [info]: Inserted new admins!
2024-07-03 12:22:39 [info]: Deleted all users!
2024-07-03 12:22:39 [info]: Inserted new users!
2024-07-03 12:22:39 [info]: Deleted all book gallery entries!
2024-07-03 12:22:39 [info]: Inserted new book gallery entries!
2024-07-03 12:22:39 [info]: Deleted all ratings!
2024-07-03 12:22:39 [info]: Inserted new ratings!
2024-07-03 12:22:39 [info]: Deleted all reviews!
2024-07-03 12:22:39 [info]: Inserted new reviews!
2024-07-03 12:22:39 [info]: Deleted previous book history!
2024-07-03 12:22:39 [info]: Deleted previous payment cards!
2024-07-03 12:22:49 [info]: Application Running
2024-07-03 12:22:49 [info]: Server started on port 2700
2024-07-03 12:25:02 [info]: Application Running
2024-07-03 12:25:02 [info]: Server started on port 2700
2024-07-03 12:25:09 [info]: Application Running
2024-07-03 12:25:09 [info]: Server started on port 2700
2024-07-03 12:25:11 [info]: Application Running
2024-07-03 12:25:37 [info]: Application Running
2024-07-03 12:25:46 [info]: Application Running
2024-07-03 12:25:46 [info]: Server started on port 2700
2024-07-03 12:27:33 [info]: Application Running
2024-07-03 12:27:33 [info]: Server started on port 2700
2024-07-03 12:28:05 [info]: Application Running
2024-07-03 12:28:05 [info]: Server started on port 2700
2024-07-03 12:28:32 [info]: Application Running
2024-07-03 12:28:32 [info]: Server started on port 2700
2024-07-03 12:28:41 [info]: Application Running
2024-07-03 12:28:41 [info]: Server started on port 2700
2024-07-03 12:29:09 [info]: Application Running
2024-07-03 12:29:09 [info]: Server started on port 2700
2024-07-03 12:29:39 [info]: Application Running
2024-07-03 12:29:39 [info]: Server started on port 2700
2024-07-03 12:30:37 [info]: Application Running
2024-07-03 12:30:37 [info]: Server started on port 2700
2024-07-03 12:30:49 [info]: Application Running
2024-07-03 12:30:49 [info]: Server started on port 2700
2024-07-03 12:36:49 [info]: Application Running
2024-07-03 12:36:49 [info]: Server started on port 2700
2024-07-03 12:36:58 [info]: Application Running
2024-07-03 12:36:58 [info]: Server started on port 2700
2024-07-03 12:37:13 [info]: Application Running
2024-07-03 12:37:13 [info]: Server started on port 2700
2024-07-03 12:37:29 [info]: Application Running
2024-07-03 12:37:29 [info]: Server started on port 2700
2024-07-03 12:37:46 [info]: Application Running
2024-07-03 12:37:46 [info]: Server started on port 2700
2024-07-03 12:38:15 [info]: Application Running
2024-07-03 12:38:15 [info]: Server started on port 2700
2024-07-03 12:39:26 [info]: Application Running
2024-07-03 12:39:26 [info]: Server started on port 2700
2024-07-03 12:39:53 [info]: Application Running
2024-07-03 12:39:53 [info]: Server started on port 2700
2024-07-03 12:40:42 [info]: Application Running
2024-07-03 12:40:42 [info]: Server started on port 2700
2024-07-03 12:41:18 [info]: Application Running
2024-07-03 12:41:18 [info]: Server started on port 2700
2024-07-03 12:41:40 [error]: Sheet not found with this name
2024-07-03 12:41:49 [error]: Sheet not found with this name
2024-07-03 12:42:12 [info]: Connected to database
2024-07-03 12:42:12 [info]: Deleted all library branches!
2024-07-03 12:42:12 [info]: Inserted new library branches!
2024-07-03 12:42:12 [info]: Deleted all books!
2024-07-03 12:42:12 [info]: Inserted new books!
2024-07-03 12:42:12 [info]: Deleted all admins!
2024-07-03 12:42:12 [info]: Inserted new admins!
2024-07-03 12:42:12 [info]: Deleted all users!
2024-07-03 12:42:12 [info]: Inserted new users!
2024-07-03 12:42:12 [info]: Deleted all book gallery entries!
2024-07-03 12:42:12 [info]: Inserted new book gallery entries!
2024-07-03 12:42:12 [info]: Deleted all ratings!
2024-07-03 12:42:12 [info]: Inserted new ratings!
2024-07-03 12:42:12 [info]: Deleted all reviews!
2024-07-03 12:42:12 [info]: Inserted new reviews!
2024-07-03 12:42:12 [info]: Deleted previous book history!
2024-07-03 12:42:12 [info]: Deleted previous payment cards!
2024-07-03 12:55:21 [info]: Application Running
2024-07-03 12:55:21 [info]: Server started on port 2700
2024-07-03 12:56:41 [info]: Email sent successfully.
2024-07-03 13:04:05 [info]: Application Running
2024-07-03 13:04:05 [info]: Server started on port 2700
2024-07-03 13:10:03 [info]: Application Running
2024-07-03 13:10:03 [info]: Server started on port 2700
2024-07-03 13:10:19 [info]: Application Running
2024-07-03 13:10:19 [info]: Server started on port 2700
2024-07-03 13:10:34 [info]: Application Running
2024-07-03 13:10:34 [info]: Server started on port 2700
2024-07-03 13:11:37 [info]: Application Running
2024-07-03 13:11:37 [info]: Server started on port 2700
2024-07-03 13:11:59 [info]: Application Running
2024-07-03 13:11:59 [info]: Server started on port 2700
2024-07-03 13:14:42 [info]: Application Running
2024-07-03 13:14:42 [info]: Server started on port 2700
2024-07-03 13:17:17 [info]: Application Running
2024-07-03 13:17:17 [info]: Server started on port 2700
2024-07-03 13:17:24 [info]: Application Running
2024-07-03 13:17:24 [info]: Server started on port 2700
2024-07-03 13:17:37 [info]: Application Running
2024-07-03 13:17:37 [info]: Server started on port 2700
2024-07-03 13:17:53 [info]: Application Running
2024-07-03 13:17:53 [info]: Server started on port 2700
2024-07-03 13:18:47 [info]: Connected to database
2024-07-03 13:18:47 [info]: Deleted all library branches!
2024-07-03 13:18:47 [info]: Inserted new library branches!
2024-07-03 13:18:47 [info]: Deleted all books!
2024-07-03 13:18:47 [info]: Inserted new books!
2024-07-03 13:18:47 [info]: Deleted all admins!
2024-07-03 13:18:47 [info]: Inserted new admins!
2024-07-03 13:18:47 [info]: Deleted all users!
2024-07-03 13:18:47 [info]: Inserted new users!
2024-07-03 13:18:47 [info]: Deleted all book gallery entries!
2024-07-03 13:18:47 [info]: Inserted new book gallery entries!
2024-07-03 13:18:47 [info]: Deleted all ratings!
2024-07-03 13:18:47 [info]: Inserted new ratings!
2024-07-03 13:18:47 [info]: Deleted all reviews!
2024-07-03 13:18:47 [info]: Inserted new reviews!
2024-07-03 13:18:47 [info]: Deleted previous book history!
2024-07-03 13:18:47 [info]: Deleted previous payment cards!
2024-07-03 13:18:57 [info]: Application Running
2024-07-03 13:18:57 [info]: Server started on port 2700
2024-07-03 13:19:07 [info]: Email sent successfully.
2024-07-03 13:20:26 [info]: Application Running
2024-07-03 13:20:26 [info]: Server started on port 2700
2024-07-03 13:20:51 [info]: Application Running
2024-07-03 13:20:51 [info]: Server started on port 2700
2024-07-03 13:21:05 [info]: Connected to database
2024-07-03 13:21:05 [info]: Deleted all library branches!
2024-07-03 13:21:05 [info]: Inserted new library branches!
2024-07-03 13:21:05 [info]: Deleted all books!
2024-07-03 13:21:05 [info]: Inserted new books!
2024-07-03 13:21:05 [info]: Deleted all admins!
2024-07-03 13:21:05 [info]: Inserted new admins!
2024-07-03 13:21:05 [info]: Deleted all users!
2024-07-03 13:21:06 [info]: Inserted new users!
2024-07-03 13:21:06 [info]: Deleted all book gallery entries!
2024-07-03 13:21:06 [info]: Inserted new book gallery entries!
2024-07-03 13:21:06 [info]: Deleted all ratings!
2024-07-03 13:21:06 [info]: Inserted new ratings!
2024-07-03 13:21:06 [info]: Deleted all reviews!
2024-07-03 13:21:06 [info]: Inserted new reviews!
2024-07-03 13:21:06 [info]: Deleted previous book history!
2024-07-03 13:21:06 [info]: Deleted previous payment cards!
2024-07-03 13:21:16 [info]: Application Running
2024-07-03 13:21:16 [info]: Server started on port 2700
2024-07-03 13:21:26 [info]: Email sent successfully.
2024-07-03 13:22:16 [info]: Application Running
2024-07-03 13:22:16 [info]: Server started on port 2700
2024-07-03 13:25:16 [info]: Connected to database
2024-07-03 13:25:16 [info]: Deleted all library branches!
2024-07-03 13:25:16 [info]: Inserted new library branches!
2024-07-03 13:25:16 [info]: Deleted all books!
2024-07-03 13:25:16 [info]: Inserted new books!
2024-07-03 13:25:16 [info]: Deleted all admins!
2024-07-03 13:25:16 [info]: Inserted new admins!
2024-07-03 13:25:16 [info]: Deleted all users!
2024-07-03 13:25:16 [info]: Inserted new users!
2024-07-03 13:25:16 [info]: Deleted all book gallery entries!
2024-07-03 13:25:16 [info]: Inserted new book gallery entries!
2024-07-03 13:25:16 [info]: Deleted all ratings!
2024-07-03 13:25:16 [info]: Inserted new ratings!
2024-07-03 13:25:16 [info]: Deleted all reviews!
2024-07-03 13:25:16 [info]: Inserted new reviews!
2024-07-03 13:25:16 [info]: Deleted previous book history!
2024-07-03 13:25:16 [info]: Deleted previous payment cards!
2024-07-03 13:25:27 [info]: Application Running
2024-07-03 13:25:27 [info]: Server started on port 2700
2024-07-03 13:25:39 [info]: Email sent successfully.
2024-07-03 13:27:32 [error]: Invalid card credentials
2024-07-03 13:29:28 [info]: Application Running
2024-07-03 13:29:28 [info]: Server started on port 2700
2024-07-03 13:29:41 [info]: Application Running
2024-07-03 13:29:41 [info]: Server started on port 2700
2024-07-03 13:30:06 [info]: Application Running
2024-07-03 13:30:06 [info]: Server started on port 2700
2024-07-03 13:32:16 [info]: Application Running
2024-07-03 13:32:16 [info]: Server started on port 2700
2024-07-03 13:32:28 [info]: Application Running
2024-07-03 13:32:28 [info]: Server started on port 2700
2024-07-03 13:32:49 [info]: Application Running
2024-07-03 13:32:49 [info]: Server started on port 2700
2024-07-03 13:33:05 [info]: Application Running
2024-07-03 13:33:05 [info]: Server started on port 2700
2024-07-03 13:34:05 [info]: Application Running
2024-07-03 13:34:05 [info]: Server started on port 2700
2024-07-03 13:34:55 [info]: Application Running
2024-07-03 13:34:55 [info]: Server started on port 2700
2024-07-03 13:35:06 [info]: Application Running
2024-07-03 13:35:06 [info]: Server started on port 2700
2024-07-03 13:35:53 [info]: Application Running
2024-07-03 13:35:53 [info]: Server started on port 2700
2024-07-03 13:36:41 [info]: Application Running
2024-07-03 13:36:41 [info]: Server started on port 2700
2024-07-03 13:39:25 [info]: Application Running
2024-07-03 13:39:25 [info]: Server started on port 2700
2024-07-03 13:40:09 [info]: Application Running
2024-07-03 13:40:09 [info]: Server started on port 2700
2024-07-03 13:43:36 [info]: Application Running
2024-07-03 13:43:36 [info]: Server started on port 2700
2024-07-03 13:43:49 [info]: Application Running
2024-07-03 13:43:49 [info]: Server started on port 2700
2024-07-03 13:45:04 [info]: Application Running
2024-07-03 13:45:04 [info]: Server started on port 2700
2024-07-03 13:46:53 [info]: Application Running
2024-07-03 13:46:53 [info]: Server started on port 2700
2024-07-03 13:47:23 [info]: Application Running
2024-07-03 13:47:24 [info]: Server started on port 2700
2024-07-03 13:47:34 [info]: Application Running
2024-07-03 13:47:34 [info]: Server started on port 2700
2024-07-03 13:47:54 [info]: Application Running
2024-07-03 13:47:54 [info]: Server started on port 2700
2024-07-03 13:48:27 [info]: Application Running
2024-07-03 13:48:27 [info]: Server started on port 2700
2024-07-03 13:49:59 [info]: Application Running
2024-07-03 13:49:59 [info]: Server started on port 2700
2024-07-03 13:50:22 [info]: Application Running
2024-07-03 13:50:22 [info]: Server started on port 2700
2024-07-03 13:52:17 [info]: Application Running
2024-07-03 13:52:17 [info]: Server started on port 2700
2024-07-03 13:52:30 [info]: Application Running
2024-07-03 13:52:30 [info]: Server started on port 2700
2024-07-03 13:52:40 [info]: Application Running
2024-07-03 13:52:40 [info]: Server started on port 2700
2024-07-03 13:53:33 [info]: Application Running
2024-07-03 13:53:33 [info]: Server started on port 2700
2024-07-03 13:53:55 [info]: Application Running
2024-07-03 13:53:55 [info]: Server started on port 2700
2024-07-03 13:56:56 [info]: Application Running
2024-07-03 13:56:56 [info]: Server started on port 2700
2024-07-03 13:56:57 [info]: Application Running
2024-07-03 13:57:28 [info]: Application Running
2024-07-03 13:58:04 [info]: Connected to database
2024-07-03 13:58:04 [info]: Deleted all library branches!
2024-07-03 13:58:04 [info]: Inserted new library branches!
2024-07-03 13:58:04 [info]: Deleted all books!
2024-07-03 13:58:04 [info]: Inserted new books!
2024-07-03 13:58:04 [info]: Deleted all admins!
2024-07-03 13:58:04 [info]: Inserted new admins!
2024-07-03 13:58:04 [info]: Deleted all users!
2024-07-03 13:58:04 [info]: Inserted new users!
2024-07-03 13:58:04 [info]: Deleted all book gallery entries!
2024-07-03 13:58:04 [info]: Inserted new book gallery entries!
2024-07-03 13:58:04 [info]: Deleted all ratings!
2024-07-03 13:58:04 [info]: Inserted new ratings!
2024-07-03 13:58:04 [info]: Deleted all reviews!
2024-07-03 13:58:04 [info]: Inserted new reviews!
2024-07-03 13:58:04 [info]: Deleted previous book history!
2024-07-03 13:58:04 [info]: Deleted previous payment cards!
2024-07-03 13:58:13 [info]: Application Running
2024-07-03 13:58:13 [info]: Server started on port 2700
2024-07-03 13:58:24 [info]: Email sent successfully.
2024-07-03 14:01:11 [info]: Email sent successfully.
2024-07-03 14:02:26 [info]: Email sent successfully.
2024-07-03 14:04:08 [info]: Application Running
2024-07-03 14:04:08 [info]: Server started on port 2700
2024-07-03 15:03:06 [info]: Application Running
2024-07-03 15:03:07 [info]: Server started on port 2700
2024-07-03 15:05:34 [info]: Application Running
2024-07-03 15:05:34 [info]: Server started on port 2700
2024-07-03 15:05:50 [info]: Application Running
2024-07-03 15:05:50 [info]: Server started on port 2700
2024-07-03 15:06:54 [info]: Application Running
2024-07-03 15:06:54 [info]: Server started on port 2700
2024-07-03 15:07:50 [info]: Application Running
2024-07-03 15:07:50 [info]: Server started on port 2700
2024-07-03 15:08:08 [info]: Application Running
2024-07-03 15:08:08 [info]: Server started on port 2700
2024-07-03 15:10:21 [info]: Application Running
2024-07-03 15:10:21 [info]: Server started on port 2700
2024-07-03 15:10:28 [info]: Application Running
2024-07-03 15:10:28 [info]: Server started on port 2700
2024-07-03 15:11:05 [info]: Application Running
2024-07-03 15:11:05 [info]: Server started on port 2700
2024-07-03 15:11:21 [info]: Application Running
2024-07-03 15:11:21 [info]: Server started on port 2700
2024-07-03 15:11:39 [info]: Application Running
2024-07-03 15:11:39 [info]: Server started on port 2700
2024-07-03 15:11:57 [info]: Application Running
2024-07-03 15:11:57 [info]: Server started on port 2700
2024-07-03 15:12:08 [info]: Application Running
2024-07-03 15:12:08 [info]: Server started on port 2700
2024-07-03 15:12:22 [info]: Application Running
2024-07-03 15:12:22 [info]: Server started on port 2700
2024-07-03 15:12:34 [info]: Application Running
2024-07-03 15:12:34 [info]: Server started on port 2700
2024-07-03 15:12:50 [info]: Application Running
2024-07-03 15:12:50 [info]: Server started on port 2700
2024-07-03 15:13:10 [info]: Application Running
2024-07-03 15:13:10 [info]: Server started on port 2700
2024-07-03 15:15:40 [info]: Application Running
2024-07-03 15:15:40 [info]: Server started on port 2700
2024-07-03 15:17:37 [info]: Application Running
2024-07-03 15:17:37 [info]: Server started on port 2700
2024-07-03 15:17:44 [info]: Application Running
2024-07-03 15:17:44 [info]: Server started on port 2700
2024-07-03 15:18:05 [info]: Application Running
2024-07-03 15:18:05 [info]: Server started on port 2700
2024-07-03 15:18:20 [info]: Application Running
2024-07-03 15:18:20 [info]: Server started on port 2700
2024-07-03 15:18:38 [info]: Application Running
2024-07-03 15:18:38 [info]: Server started on port 2700
2024-07-03 15:18:40 [info]: Application Running
2024-07-03 15:19:00 [info]: Application Running
2024-07-03 15:19:15 [info]: Application Running
2024-07-03 15:19:22 [info]: Application Running
2024-07-03 15:20:53 [info]: Application Running
2024-07-03 15:21:30 [info]: Application Running
2024-07-03 15:21:46 [info]: Application Running
2024-07-03 15:22:17 [info]: Application Running
2024-07-03 15:22:27 [info]: Application Running
2024-07-03 15:23:47 [info]: Application Running
2024-07-03 15:24:33 [info]: Application Running
2024-07-03 15:25:58 [info]: Application Running
2024-07-03 15:26:10 [info]: Application Running
2024-07-03 15:27:26 [info]: Application Running
2024-07-03 15:29:47 [info]: Application Running
2024-07-03 15:30:13 [info]: Application Running
2024-07-03 15:30:24 [info]: Application Running
2024-07-03 15:30:44 [info]: Application Running
2024-07-03 15:30:52 [info]: Application Running
2024-07-03 15:31:34 [info]: Application Running
2024-07-03 15:31:58 [info]: Application Running
2024-07-03 15:32:17 [info]: Application Running
2024-07-03 15:32:24 [info]: Application Running
2024-07-03 15:32:51 [info]: Application Running
2024-07-03 15:33:00 [info]: Application Running
2024-07-03 15:33:11 [info]: Application Running
2024-07-03 15:33:31 [info]: Application Running
2024-07-03 15:33:47 [info]: Application Running
2024-07-03 15:38:44 [info]: Application Running
2024-07-03 15:38:57 [info]: Application Running
2024-07-03 15:39:42 [info]: Application Running
2024-07-03 15:39:53 [info]: Application Running
2024-07-03 15:40:10 [info]: Application Running
2024-07-03 15:40:16 [info]: Application Running
2024-07-03 15:40:29 [info]: Application Running
2024-07-03 15:40:50 [info]: Application Running
2024-07-03 15:40:57 [info]: Application Running
2024-07-03 15:41:12 [info]: Application Running
2024-07-03 15:41:12 [info]: Server started on port 2700
2024-07-03 15:42:37 [error]: UNAUTHORIZED
2024-07-03 15:42:48 [error]: UNAUTHORIZED
2024-07-03 15:43:12 [error]: UNAUTHORIZED
2024-07-03 15:44:07 [error]: UNAUTHORIZED
2024-07-03 15:44:27 [info]: Application Running
2024-07-03 15:44:27 [info]: Server started on port 2700
2024-07-03 15:44:29 [error]: The 'first_name' field must not contain special characters or numbers.
2024-07-03 15:45:39 [info]: Application Running
2024-07-03 15:45:39 [info]: Server started on port 2700
2024-07-03 15:45:50 [info]: Application Running
2024-07-03 15:45:50 [info]: Server started on port 2700
2024-07-03 15:45:53 [error]: UNAUTHORIZED
2024-07-03 15:47:15 [error]: The 'first_name' field must not contain special characters or numbers.
2024-07-03 15:47:36 [info]: Connected to database
2024-07-03 15:47:36 [info]: Deleted all library branches!
2024-07-03 15:47:36 [info]: Inserted new library branches!
2024-07-03 15:47:36 [info]: Deleted all books!
2024-07-03 15:47:36 [info]: Inserted new books!
2024-07-03 15:47:36 [info]: Deleted all admins!
2024-07-03 15:47:36 [info]: Inserted new admins!
2024-07-03 15:47:36 [info]: Deleted all users!
2024-07-03 15:47:36 [info]: Inserted new users!
2024-07-03 15:47:36 [info]: Deleted all book gallery entries!
2024-07-03 15:47:36 [info]: Inserted new book gallery entries!
2024-07-03 15:47:36 [info]: Deleted all ratings!
2024-07-03 15:47:36 [info]: Inserted new ratings!
2024-07-03 15:47:36 [info]: Deleted all reviews!
2024-07-03 15:47:36 [info]: Inserted new reviews!
2024-07-03 15:47:36 [info]: Deleted previous book history!
2024-07-03 15:47:36 [info]: Deleted previous payment cards!
2024-07-03 15:47:53 [info]: Application Running
2024-07-03 15:47:53 [info]: Server started on port 2700
2024-07-03 15:48:42 [error]: Invalid currency: inr. Stripe currently supports these currencies: usd
2024-07-03 15:49:15 [info]: Application Running
2024-07-03 15:49:15 [info]: Server started on port 2700
2024-07-03 15:49:19 [error]: This cardholder has outstanding requirements preventing them from activating an issued card. Read more at https://stripe.com/docs/issuing/cards
2024-07-03 16:02:22 [error]: Card holder already exists
2024-07-03 16:04:57 [info]: Application Running
2024-07-03 16:04:57 [info]: Server started on port 2700
2024-07-03 16:05:14 [error]: This cardholder has outstanding requirements preventing them from activating an issued card. Read more at https://stripe.com/docs/issuing/cards
2024-07-03 16:06:49 [info]: Application Running
2024-07-03 16:06:49 [info]: Server started on port 2700
2024-07-03 16:09:32 [info]: Application Running
2024-07-03 16:09:32 [info]: Server started on port 2700
2024-07-03 16:09:39 [info]: Application Running
2024-07-03 16:09:39 [info]: Server started on port 2700
2024-07-03 16:09:55 [info]: Application Running
2024-07-03 16:09:55 [info]: Server started on port 2700
2024-07-03 16:10:06 [error]: This cardholder has outstanding requirements preventing them from activating an issued card. Read more at https://stripe.com/docs/issuing/cards
2024-07-03 16:10:49 [info]: Application Running
2024-07-03 16:10:49 [info]: Server started on port 2700
2024-07-03 16:11:03 [info]: Application Running
2024-07-03 16:11:03 [info]: Server started on port 2700
2024-07-03 16:11:16 [info]: Application Running
2024-07-03 16:11:16 [info]: Server started on port 2700
2024-07-03 16:11:41 [error]: This cardholder has outstanding requirements preventing them from activating an issued card. Read more at https://stripe.com/docs/issuing/cards
2024-07-03 16:15:27 [info]: Application Running
2024-07-03 16:15:27 [info]: Server started on port 2700
2024-07-03 16:15:46 [error]: Invalid currency: gbp. Stripe currently supports these currencies: usd
2024-07-03 16:16:09 [info]: Application Running
2024-07-03 16:16:09 [info]: Server started on port 2700
2024-07-03 16:16:24 [error]: This cardholder has outstanding requirements preventing them from activating an issued card. Read more at https://stripe.com/docs/issuing/cards
2024-07-03 16:22:00 [error]: Invalid token id: ic_1PYQn5I98oGzZ2rhlyWa8Cog
2024-07-03 16:22:37 [info]: Connected to database
2024-07-03 16:22:37 [info]: Deleted all library branches!
2024-07-03 16:22:37 [info]: Inserted new library branches!
2024-07-03 16:22:37 [info]: Deleted all books!
2024-07-03 16:22:37 [info]: Inserted new books!
2024-07-03 16:22:37 [info]: Deleted all admins!
2024-07-03 16:22:37 [info]: Inserted new admins!
2024-07-03 16:22:37 [info]: Deleted all users!
2024-07-03 16:22:37 [info]: Inserted new users!
2024-07-03 16:22:37 [info]: Deleted all book gallery entries!
2024-07-03 16:22:37 [info]: Inserted new book gallery entries!
2024-07-03 16:22:37 [info]: Deleted all ratings!
2024-07-03 16:22:37 [info]: Inserted new ratings!
2024-07-03 16:22:37 [info]: Deleted all reviews!
2024-07-03 16:22:37 [info]: Inserted new reviews!
2024-07-03 16:22:37 [info]: Deleted previous book history!
2024-07-03 16:22:37 [info]: Deleted previous payment cards!
2024-07-03 16:23:12 [info]: Application Running
2024-07-03 16:23:12 [info]: Server started on port 2700
2024-07-03 16:23:32 [error]: This cardholder has outstanding requirements preventing them from activating an issued card. Read more at https://stripe.com/docs/issuing/cards
2024-07-03 16:24:43 [error]: This cardholder has outstanding requirements preventing them from activating an issued card. Read more at https://stripe.com/docs/issuing/cards
2024-07-03 16:28:13 [error]: Invalid token id: ic_1PYQt6I98oGzZ2rhgYqQ0um4
2024-07-03 16:29:54 [info]: Connected to database
2024-07-03 16:29:54 [info]: Deleted all library branches!
2024-07-03 16:29:54 [info]: Inserted new library branches!
2024-07-03 16:29:54 [info]: Deleted all books!
2024-07-03 16:29:54 [info]: Inserted new books!
2024-07-03 16:29:54 [info]: Deleted all admins!
2024-07-03 16:29:54 [info]: Inserted new admins!
2024-07-03 16:29:54 [info]: Deleted all users!
2024-07-03 16:29:54 [info]: Inserted new users!
2024-07-03 16:29:54 [info]: Deleted all book gallery entries!
2024-07-03 16:29:54 [info]: Inserted new book gallery entries!
2024-07-03 16:29:54 [info]: Deleted all ratings!
2024-07-03 16:29:54 [info]: Inserted new ratings!
2024-07-03 16:29:54 [info]: Deleted all reviews!
2024-07-03 16:29:54 [info]: Inserted new reviews!
2024-07-03 16:29:54 [info]: Deleted previous book history!
2024-07-03 16:29:54 [info]: Deleted previous payment cards!
2024-07-03 16:30:04 [info]: Application Running
2024-07-03 16:30:04 [info]: Server started on port 2700
2024-07-03 16:30:17 [info]: Application Running
2024-07-03 16:30:17 [info]: Server started on port 2700
2024-07-03 16:30:29 [error]: This cardholder has outstanding requirements preventing them from activating an issued card. Read more at https://stripe.com/docs/issuing/cards
2024-07-03 16:31:01 [error]: Invalid token id: ic_1PYQvoI98oGzZ2rhuSSZrAtT
2024-07-03 16:31:33 [info]: Application Running
2024-07-03 16:31:33 [info]: Server started on port 2700
2024-07-03 16:32:45 [info]: Connected to database
2024-07-03 16:32:45 [info]: Deleted all library branches!
2024-07-03 16:32:45 [info]: Inserted new library branches!
2024-07-03 16:32:45 [info]: Deleted all books!
2024-07-03 16:32:45 [info]: Inserted new books!
2024-07-03 16:32:45 [info]: Deleted all admins!
2024-07-03 16:32:45 [info]: Inserted new admins!
2024-07-03 16:32:45 [info]: Deleted all users!
2024-07-03 16:32:45 [info]: Inserted new users!
2024-07-03 16:32:45 [info]: Deleted all book gallery entries!
2024-07-03 16:32:45 [info]: Inserted new book gallery entries!
2024-07-03 16:32:45 [info]: Deleted all ratings!
2024-07-03 16:32:45 [info]: Inserted new ratings!
2024-07-03 16:32:45 [info]: Deleted all reviews!
2024-07-03 16:32:45 [info]: Inserted new reviews!
2024-07-03 16:32:45 [info]: Deleted previous book history!
2024-07-03 16:32:45 [info]: Deleted previous payment cards!
2024-07-03 16:32:56 [info]: Application Running
2024-07-03 16:32:56 [info]: Server started on port 2700
2024-07-03 16:49:06 [info]: Application Running
2024-07-03 16:49:06 [info]: Server started on port 2700
2024-07-03 16:49:13 [info]: Application Running
2024-07-03 16:49:13 [info]: Server started on port 2700
2024-07-03 16:49:24 [error]: Invalid card credentials
2024-07-03 16:52:30 [info]: Application Running
2024-07-03 16:52:30 [info]: Server started on port 2700
2024-07-03 16:52:55 [info]: Application Running
2024-07-03 16:52:55 [info]: Server started on port 2700
2024-07-03 16:53:03 [info]: Application Running
2024-07-03 16:53:03 [info]: Server started on port 2700
2024-07-03 16:53:44 [info]: Application Running
2024-07-03 16:53:44 [info]: Server started on port 2700
2024-07-03 16:54:36 [info]: Application Running
2024-07-03 16:54:36 [info]: Server started on port 2700
2024-07-03 16:55:02 [error]: No payment cards found
2024-07-03 16:55:19 [error]: No payment cards found
2024-07-03 16:55:44 [info]: Application Running
2024-07-03 16:55:44 [info]: Server started on port 2700
2024-07-03 16:55:49 [error]: No payment cards found
2024-07-03 16:56:03 [info]: Application Running
2024-07-03 16:56:03 [info]: Server started on port 2700
2024-07-03 16:56:11 [info]: Application Running
2024-07-03 16:56:11 [info]: Server started on port 2700
2024-07-03 16:56:14 [error]: No payment cards found
2024-07-03 16:56:38 [info]: Application Running
2024-07-03 16:56:38 [info]: Server started on port 2700
2024-07-03 16:57:21 [error]: Invalid card credentials
2024-07-03 16:57:49 [error]: The `payment_method` parameter supplied pm_1PYR8eI98oGzZ2rhxtH3CbLn belongs to the Customer cus_QPBFWk7Pbh0NfT. Please include the Customer in the `customer` parameter on the PaymentIntent.
2024-07-03 17:01:37 [info]: Application Running
2024-07-03 17:01:37 [info]: Server started on port 2700
2024-07-03 17:05:09 [info]: Connected to database
2024-07-03 17:05:09 [info]: Deleted all library branches!
2024-07-03 17:05:09 [info]: Inserted new library branches!
2024-07-03 17:05:09 [info]: Deleted all books!
2024-07-03 17:05:09 [info]: Inserted new books!
2024-07-03 17:05:09 [info]: Deleted all admins!
2024-07-03 17:05:09 [info]: Inserted new admins!
2024-07-03 17:05:09 [info]: Deleted all users!
2024-07-03 17:05:09 [info]: Inserted new users!
2024-07-03 17:05:09 [info]: Deleted all book gallery entries!
2024-07-03 17:05:09 [info]: Inserted new book gallery entries!
2024-07-03 17:05:09 [info]: Deleted all ratings!
2024-07-03 17:05:09 [info]: Inserted new ratings!
2024-07-03 17:05:09 [info]: Deleted all reviews!
2024-07-03 17:05:09 [info]: Inserted new reviews!
2024-07-03 17:05:09 [info]: Deleted previous book history!
2024-07-03 17:05:09 [info]: Deleted previous payment cards!
2024-07-03 17:05:20 [info]: Application Running
2024-07-03 17:05:20 [info]: Server started on port 2700
2024-07-03 17:09:39 [error]: Card holder already exists
2024-07-03 17:10:04 [error]: Invalid token id: ic_1PYRXbI98oGzZ2rhfkZctqw6
2024-07-03 17:11:39 [info]: Email sent successfully.
2024-07-03 17:14:09 [error]: The `payment_method` parameter supplied pm_1PYRZoI98oGzZ2rhx6t9zq5B belongs to the Customer cus_QPG5GFn8Jm1BRf. Please include the Customer in the `customer` parameter on the PaymentIntent.
2024-07-03 17:18:12 [info]: Application Running
2024-07-03 17:18:12 [info]: Server started on port 2700
2024-07-03 17:18:16 [error]: The `payment_method` parameter supplied pm_1PYRZoI98oGzZ2rhx6t9zq5B belongs to the Customer cus_QPG5GFn8Jm1BRf. Please include the Customer in the `customer` parameter on the PaymentIntent.
2024-07-03 17:20:49 [info]: Application Running
2024-07-03 17:20:49 [info]: Server started on port 2700
2024-07-03 17:20:58 [info]: Connected to database
2024-07-03 17:20:58 [info]: Deleted all library branches!
2024-07-03 17:20:58 [info]: Inserted new library branches!
2024-07-03 17:20:58 [info]: Deleted all books!
2024-07-03 17:20:58 [info]: Inserted new books!
2024-07-03 17:20:58 [info]: Deleted all admins!
2024-07-03 17:20:58 [info]: Inserted new admins!
2024-07-03 17:20:58 [info]: Deleted all users!
2024-07-03 17:20:58 [info]: Inserted new users!
2024-07-03 17:20:58 [info]: Deleted all book gallery entries!
2024-07-03 17:20:58 [info]: Inserted new book gallery entries!
2024-07-03 17:20:58 [info]: Deleted all ratings!
2024-07-03 17:20:58 [info]: Inserted new ratings!
2024-07-03 17:20:58 [info]: Deleted all reviews!
2024-07-03 17:20:58 [info]: Inserted new reviews!
2024-07-03 17:20:58 [info]: Deleted previous book history!
2024-07-03 17:20:58 [info]: Deleted previous payment cards!
2024-07-03 17:21:08 [info]: Application Running
2024-07-03 17:21:08 [info]: Server started on port 2700
2024-07-03 17:21:48 [info]: Email sent successfully.
2024-07-03 17:25:53 [info]: Application Running
2024-07-03 17:25:53 [info]: Server started on port 2700
2024-07-03 17:50:16 [info]: Application Running
2024-07-03 17:50:16 [info]: Server started on port 2700
2024-07-03 17:53:24 [info]: Application Running
2024-07-03 17:53:24 [info]: Server started on port 2700
2024-07-03 17:57:36 [info]: Application Running
2024-07-03 17:57:36 [info]: Server started on port 2700
2024-07-03 17:57:54 [info]: Application Running
2024-07-03 17:57:54 [info]: Server started on port 2700
2024-07-03 17:58:19 [info]: Application Running
2024-07-03 17:58:19 [info]: Server started on port 2700
2024-07-03 18:00:17 [info]: Application Running
2024-07-03 18:00:17 [info]: Server started on port 2700
2024-07-03 18:01:54 [info]: Application Running
2024-07-03 18:01:54 [info]: Server started on port 2700
2024-07-03 18:02:20 [info]: Application Running
2024-07-03 18:02:20 [info]: Server started on port 2700
