2024-07-01 15:01:51 [info]: Application Running
2024-07-01 15:01:51 [info]: Server started on port 2700
2024-07-01 15:03:26 [info]: Application Running
2024-07-01 15:03:26 [info]: Server started on port 2700
2024-07-01 15:03:29 [error]: No issued books found
2024-07-01 15:04:27 [info]: Application Running
2024-07-01 15:04:27 [info]: Server started on port 2700
2024-07-01 15:04:52 [info]: Application Running
2024-07-01 15:04:52 [info]: Server started on port 2700
2024-07-01 15:05:33 [info]: Application Running
2024-07-01 15:05:33 [info]: Server started on port 2700
2024-07-01 15:05:45 [info]: Application Running
2024-07-01 15:05:45 [info]: Server started on port 2700
2024-07-01 15:06:24 [info]: Application Running
2024-07-01 15:06:24 [info]: Server started on port 2700
2024-07-01 15:06:56 [info]: Application Running
2024-07-01 15:06:56 [info]: Server started on port 2700
2024-07-01 15:07:31 [info]: Application Running
2024-07-01 15:07:31 [info]: Server started on port 2700
2024-07-01 15:07:44 [info]: Application Running
2024-07-01 15:07:44 [info]: Server started on port 2700
2024-07-01 15:08:15 [info]: Application Running
2024-07-01 15:08:15 [info]: Server started on port 2700
2024-07-01 15:09:19 [info]: Application Running
2024-07-01 15:09:19 [info]: Server started on port 2700
2024-07-01 15:09:27 [info]: Application Running
2024-07-01 15:09:27 [info]: Server started on port 2700
2024-07-01 15:09:46 [info]: Application Running
2024-07-01 15:09:46 [info]: Server started on port 2700
2024-07-01 15:09:58 [info]: Application Running
2024-07-01 15:09:58 [info]: Server started on port 2700
2024-07-01 15:10:34 [info]: Application Running
2024-07-01 15:10:35 [info]: Server started on port 2700
2024-07-01 15:10:48 [info]: Application Running
2024-07-01 15:10:48 [info]: Server started on port 2700
2024-07-01 15:10:58 [info]: Application Running
2024-07-01 15:10:58 [info]: Server started on port 2700
2024-07-01 15:11:59 [info]: Application Running
2024-07-01 15:11:59 [info]: Server started on port 2700
2024-07-01 15:12:00 [info]: Application Running
2024-07-01 15:12:29 [info]: Application Running
2024-07-01 15:13:12 [info]: Application Running
2024-07-01 15:13:12 [info]: Server started on port 2700
2024-07-01 15:18:25 [info]: Application Running
2024-07-01 15:18:25 [info]: Server started on port 2700
2024-07-01 15:18:47 [info]: Application Running
2024-07-01 15:18:47 [info]: Server started on port 2700
2024-07-01 15:20:37 [info]: Application Running
2024-07-01 15:20:37 [info]: Server started on port 2700
2024-07-01 15:20:46 [info]: Application Running
2024-07-01 15:20:46 [info]: Server started on port 2700
2024-07-01 15:22:51 [info]: Application Running
2024-07-01 15:22:51 [info]: Server started on port 2700
2024-07-01 15:29:58 [info]: Application Running
2024-07-01 15:29:58 [info]: Server started on port 2700
2024-07-01 15:35:11 [info]: Application Running
2024-07-01 15:35:11 [info]: Server started on port 2700
2024-07-01 15:35:20 [info]: Application Running
2024-07-01 15:35:20 [info]: Server started on port 2700
2024-07-01 15:35:25 [info]: Application Running
2024-07-01 15:35:25 [info]: Server started on port 2700
2024-07-01 15:36:16 [info]: Application Running
2024-07-01 15:36:16 [info]: Server started on port 2700
2024-07-01 15:37:43 [info]: Application Running
2024-07-01 15:37:43 [info]: Server started on port 2700
2024-07-01 15:37:50 [info]: Application Running
2024-07-01 15:37:50 [info]: Server started on port 2700
2024-07-01 15:38:27 [info]: Application Running
2024-07-01 15:38:27 [info]: Server started on port 2700
2024-07-01 15:39:41 [info]: Application Running
2024-07-01 15:39:41 [info]: Server started on port 2700
2024-07-01 15:39:51 [info]: Application Running
2024-07-01 15:40:01 [info]: Application Running
2024-07-01 15:40:17 [info]: Application Running
2024-07-01 15:40:17 [info]: Server started on port 2700
2024-07-01 15:43:59 [info]: Application Running
2024-07-01 15:43:59 [info]: Server started on port 2700
2024-07-01 15:44:37 [info]: Application Running
2024-07-01 15:44:37 [info]: Server started on port 2700
2024-07-01 15:44:57 [info]: Application Running
2024-07-01 15:44:57 [info]: Server started on port 2700
2024-07-01 15:45:03 [info]: Application Running
2024-07-01 15:45:03 [info]: Server started on port 2700
2024-07-01 15:46:53 [info]: Application Running
2024-07-01 15:46:53 [info]: Server started on port 2700
2024-07-01 15:47:53 [info]: Application Running
2024-07-01 15:47:53 [info]: Server started on port 2700
2024-07-01 15:48:36 [info]: Application Running
2024-07-01 15:48:36 [info]: Server started on port 2700
2024-07-01 15:55:55 [info]: Application Running
2024-07-01 15:55:55 [info]: Server started on port 2700
2024-07-01 15:56:22 [info]: Application Running
2024-07-01 15:56:22 [info]: Server started on port 2700
2024-07-01 15:56:31 [error]: Page number must be less than total pages
2024-07-01 15:56:55 [error]: Page number must be less than total pages
2024-07-01 15:57:23 [info]: Application Running
2024-07-01 15:57:23 [info]: Server started on port 2700
2024-07-01 15:59:33 [info]: Application Running
2024-07-01 15:59:33 [info]: Server started on port 2700
2024-07-01 16:00:29 [info]: Application Running
2024-07-01 16:00:29 [info]: Server started on port 2700
2024-07-01 16:00:35 [info]: Application Running
2024-07-01 16:00:49 [info]: Application Running
2024-07-01 16:00:49 [info]: Server started on port 2700
2024-07-01 16:01:12 [error]: User has outstanding due charges. Please clear them before issuing a book.
2024-07-01 16:09:46 [info]: Application Running
2024-07-01 16:09:46 [info]: Server started on port 2700
2024-07-01 16:11:01 [info]: Application Running
2024-07-01 16:11:01 [info]: Server started on port 2700
2024-07-01 16:11:52 [info]: Application Running
2024-07-01 16:11:52 [info]: Server started on port 2700
2024-07-01 16:12:58 [info]: Application Running
2024-07-01 16:12:58 [info]: Server started on port 2700
2024-07-01 16:14:05 [error]: Invalid date range
2024-07-01 16:14:51 [info]: Application Running
2024-07-01 16:14:51 [info]: Server started on port 2700
2024-07-01 16:15:39 [info]: Application Running
2024-07-01 16:15:39 [info]: Server started on port 2700
2024-07-01 16:20:30 [error]: Invalid date range
2024-07-01 16:20:41 [error]: Invalid date range
2024-07-01 16:20:51 [error]: Page number must be less than total pages
2024-07-01 16:22:06 [info]: Application Running
2024-07-01 16:22:06 [info]: Server started on port 2700
2024-07-01 16:26:00 [info]: Application Running
2024-07-01 16:26:00 [info]: Server started on port 2700
2024-07-01 16:26:34 [info]: Application Running
2024-07-01 16:26:34 [info]: Server started on port 2700
2024-07-01 16:27:27 [info]: Application Running
2024-07-01 16:27:27 [info]: Server started on port 2700
2024-07-01 16:28:14 [info]: Application Running
2024-07-01 16:28:14 [info]: Server started on port 2700
2024-07-01 16:28:21 [error]: Invalid date range
2024-07-01 16:28:44 [error]: Invalid date range
2024-07-01 16:30:28 [info]: Application Running
2024-07-01 16:30:28 [info]: Server started on port 2700
2024-07-01 16:32:15 [info]: Application Running
2024-07-01 16:32:15 [info]: Server started on port 2700
2024-07-01 16:32:58 [info]: Application Running
2024-07-01 16:32:58 [info]: Server started on port 2700
2024-07-01 16:33:27 [info]: Application Running
2024-07-01 16:33:27 [info]: Server started on port 2700
2024-07-01 16:34:07 [info]: Application Running
2024-07-01 16:34:07 [info]: Server started on port 2700
2024-07-01 16:34:46 [info]: Application Running
2024-07-01 16:34:46 [info]: Server started on port 2700
2024-07-01 16:35:21 [info]: Application Running
2024-07-01 16:35:21 [info]: Server started on port 2700
2024-07-01 16:35:59 [info]: Application Running
2024-07-01 16:35:59 [info]: Server started on port 2700
2024-07-01 16:36:46 [info]: Application Running
2024-07-01 16:36:46 [info]: Server started on port 2700
2024-07-01 16:37:17 [info]: Application Running
2024-07-01 16:37:17 [info]: Server started on port 2700
2024-07-01 16:38:05 [info]: Application Running
2024-07-01 16:38:05 [info]: Server started on port 2700
2024-07-01 16:38:13 [info]: Application Running
2024-07-01 16:38:14 [info]: Server started on port 2700
2024-07-01 16:38:51 [info]: Application Running
2024-07-01 16:38:52 [info]: Server started on port 2700
2024-07-01 16:38:58 [info]: Application Running
2024-07-01 16:38:58 [info]: Server started on port 2700
2024-07-01 16:39:17 [info]: Application Running
2024-07-01 16:39:17 [info]: Server started on port 2700
2024-07-01 16:39:42 [info]: Application Running
2024-07-01 16:39:42 [info]: Server started on port 2700
2024-07-01 16:40:54 [info]: Application Running
2024-07-01 16:40:54 [info]: Server started on port 2700
2024-07-01 16:40:57 [error]: Invalid date range
2024-07-01 16:41:32 [info]: Application Running
2024-07-01 16:41:32 [info]: Server started on port 2700
2024-07-01 16:43:53 [info]: Application Running
2024-07-01 16:43:53 [info]: Server started on port 2700
2024-07-01 16:44:08 [info]: Application Running
2024-07-01 16:44:08 [info]: Server started on port 2700
2024-07-01 16:44:35 [info]: Application Running
2024-07-01 16:44:35 [info]: Server started on port 2700
2024-07-01 16:44:41 [info]: Application Running
2024-07-01 16:44:41 [info]: Server started on port 2700
2024-07-01 16:45:52 [info]: Application Running
2024-07-01 16:45:52 [info]: Server started on port 2700
2024-07-01 16:46:40 [info]: Application Running
2024-07-01 16:46:40 [info]: Server started on port 2700
2024-07-01 16:47:50 [info]: Application Running
2024-07-01 16:47:50 [info]: Server started on port 2700
2024-07-01 16:47:58 [info]: Application Running
2024-07-01 16:47:58 [info]: Server started on port 2700
2024-07-01 16:49:43 [info]: Application Running
2024-07-01 16:49:43 [info]: Server started on port 2700
2024-07-01 16:50:53 [info]: Application Running
2024-07-01 16:50:53 [info]: Server started on port 2700
2024-07-01 16:51:09 [info]: Application Running
2024-07-01 16:51:09 [info]: Server started on port 2700
2024-07-01 16:52:06 [info]: Application Running
2024-07-01 16:52:06 [info]: Server started on port 2700
2024-07-01 16:55:18 [info]: Application Running
2024-07-01 16:55:18 [info]: Server started on port 2700
2024-07-01 16:55:29 [info]: Application Running
2024-07-01 16:55:29 [info]: Server started on port 2700
2024-07-01 16:55:38 [info]: Application Running
2024-07-01 16:55:38 [info]: Server started on port 2700
2024-07-01 16:55:54 [info]: Application Running
2024-07-01 16:55:54 [info]: Server started on port 2700
2024-07-01 16:58:04 [info]: Application Running
2024-07-01 16:58:04 [info]: Server started on port 2700
2024-07-01 16:58:38 [info]: Application Running
2024-07-01 16:58:38 [info]: Server started on port 2700
2024-07-01 16:59:16 [info]: Application Running
2024-07-01 16:59:16 [info]: Server started on port 2700
2024-07-01 16:59:31 [info]: Application Running
2024-07-01 16:59:31 [info]: Server started on port 2700
2024-07-01 16:59:39 [info]: Application Running
2024-07-01 16:59:39 [info]: Server started on port 2700
2024-07-01 17:00:39 [info]: Application Running
2024-07-01 17:00:39 [info]: Server started on port 2700
2024-07-01 17:01:06 [info]: Application Running
2024-07-01 17:01:06 [info]: Server started on port 2700
2024-07-01 17:01:25 [info]: Application Running
2024-07-01 17:01:25 [info]: Server started on port 2700
2024-07-01 17:01:45 [info]: Application Running
2024-07-01 17:01:45 [info]: Server started on port 2700
2024-07-01 17:01:59 [info]: Application Running
2024-07-01 17:01:59 [info]: Server started on port 2700
2024-07-01 17:02:18 [info]: Application Running
2024-07-01 17:02:18 [info]: Server started on port 2700
2024-07-01 17:02:24 [info]: Application Running
2024-07-01 17:02:24 [info]: Server started on port 2700
2024-07-01 17:02:45 [info]: Application Running
2024-07-01 17:02:45 [info]: Server started on port 2700
2024-07-01 17:04:25 [info]: Application Running
2024-07-01 17:04:25 [info]: Server started on port 2700
2024-07-01 17:04:52 [info]: Application Running
2024-07-01 17:04:52 [info]: Server started on port 2700
2024-07-01 17:05:53 [info]: Application Running
2024-07-01 17:05:53 [info]: Server started on port 2700
2024-07-01 17:06:11 [info]: Application Running
2024-07-01 17:06:11 [info]: Server started on port 2700
2024-07-01 17:06:30 [info]: Application Running
2024-07-01 17:06:30 [info]: Server started on port 2700
2024-07-01 17:06:40 [info]: Application Running
2024-07-01 17:06:40 [info]: Server started on port 2700
2024-07-01 17:08:28 [info]: Application Running
2024-07-01 17:08:28 [info]: Server started on port 2700
2024-07-01 17:10:10 [info]: Application Running
2024-07-01 17:10:10 [info]: Server started on port 2700
2024-07-01 17:10:48 [info]: Application Running
2024-07-01 17:10:48 [info]: Server started on port 2700
2024-07-01 17:11:45 [info]: Application Running
2024-07-01 17:11:45 [info]: Server started on port 2700
2024-07-01 17:12:11 [info]: Application Running
2024-07-01 17:12:11 [info]: Server started on port 2700
2024-07-01 17:12:30 [info]: Application Running
2024-07-01 17:12:30 [info]: Server started on port 2700
2024-07-01 17:12:47 [info]: Application Running
2024-07-01 17:12:47 [info]: Server started on port 2700
2024-07-01 17:13:37 [info]: Application Running
2024-07-01 17:13:37 [info]: Server started on port 2700
2024-07-01 17:14:22 [info]: Application Running
2024-07-01 17:14:22 [info]: Server started on port 2700
2024-07-01 17:14:39 [error]: ACCESS_TOKEN_EXPIRED
2024-07-01 17:14:46 [error]: Invalid date format
2024-07-01 17:14:54 [error]: Invalid date format
2024-07-01 17:15:04 [error]: Invalid date format
2024-07-01 17:15:09 [error]: Invalid date format
2024-07-01 17:15:55 [error]: Invalid date format
2024-07-01 17:16:51 [info]: Application Running
2024-07-01 17:16:51 [info]: Server started on port 2700
2024-07-01 17:17:30 [info]: Application Running
2024-07-01 17:17:30 [info]: Server started on port 2700
2024-07-01 17:22:05 [info]: Application Running
2024-07-01 17:22:05 [info]: Server started on port 2700
2024-07-01 17:22:54 [info]: Application Running
2024-07-01 17:22:54 [info]: Server started on port 2700
2024-07-01 17:23:03 [info]: Application Running
2024-07-01 17:23:03 [info]: Server started on port 2700
2024-07-01 17:24:49 [error]: Invalid date format
2024-07-01 17:25:31 [info]: Application Running
2024-07-01 17:25:31 [info]: Server started on port 2700
2024-07-01 17:27:23 [info]: Application Running
2024-07-01 17:27:23 [info]: Server started on port 2700
2024-07-01 17:27:42 [info]: Application Running
2024-07-01 17:27:42 [info]: Server started on port 2700
2024-07-01 17:27:55 [info]: Application Running
2024-07-01 17:27:55 [info]: Server started on port 2700
2024-07-01 17:28:06 [info]: Application Running
2024-07-01 17:28:06 [info]: Server started on port 2700
2024-07-01 17:29:10 [info]: Application Running
2024-07-01 17:29:10 [info]: Server started on port 2700
2024-07-01 17:31:55 [info]: Application Running
2024-07-01 17:31:55 [info]: Server started on port 2700
2024-07-01 17:32:36 [info]: Application Running
2024-07-01 17:32:36 [info]: Server started on port 2700
2024-07-01 17:33:13 [info]: Application Running
2024-07-01 17:33:13 [info]: Server started on port 2700
2024-07-01 17:33:27 [error]: Invalid date format
2024-07-01 17:33:53 [info]: Application Running
2024-07-01 17:33:53 [info]: Server started on port 2700
2024-07-01 17:38:36 [info]: Application Running
2024-07-01 17:38:36 [info]: Server started on port 2700
2024-07-01 17:39:07 [info]: Application Running
2024-07-01 17:39:07 [info]: Server started on port 2700
2024-07-01 17:39:39 [info]: Application Running
2024-07-01 17:39:39 [info]: Server started on port 2700
2024-07-01 17:39:50 [info]: Application Running
2024-07-01 17:39:50 [info]: Server started on port 2700
2024-07-01 17:40:02 [info]: Application Running
2024-07-01 17:40:02 [info]: Server started on port 2700
2024-07-01 17:40:44 [error]: Invalid date range
2024-07-01 17:42:20 [info]: Application Running
2024-07-01 17:42:20 [info]: Server started on port 2700
2024-07-01 17:43:29 [info]: Application Running
2024-07-01 17:43:29 [info]: Server started on port 2700
2024-07-01 17:43:44 [info]: Application Running
2024-07-01 17:43:44 [info]: Server started on port 2700
2024-07-01 17:43:53 [info]: Application Running
2024-07-01 17:43:53 [info]: Server started on port 2700
2024-07-01 17:44:26 [info]: Application Running
2024-07-01 17:44:26 [info]: Server started on port 2700
2024-07-01 17:44:44 [info]: Application Running
2024-07-01 17:44:44 [info]: Server started on port 2700
2024-07-01 17:44:54 [info]: Application Running
2024-07-01 17:44:54 [info]: Server started on port 2700
2024-07-01 17:45:04 [info]: Application Running
2024-07-01 17:45:04 [info]: Server started on port 2700
2024-07-01 17:45:29 [info]: Application Running
2024-07-01 17:45:29 [info]: Server started on port 2700
